<?xml version="1.0" encoding="UTF-8"?>
<testng-results ignored="0" total="2" passed="2" failed="0" skipped="0">
  <reporter-output>
  </reporter-output>
  <suite started-at="2024-09-27T10:46:58 ICT" name="Default suite" finished-at="2024-09-27T10:48:27 ICT" duration-ms="89116">
    <groups>
    </groups>
    <test started-at="2024-09-27T10:46:58 ICT" name="Default test" finished-at="2024-09-27T10:48:27 ICT" duration-ms="89116">
      <class name="com.demoqa.tests.PracticeFormTest">
        <test-method is-config="true" signature="setUp()[pri:0, instance:com.demoqa.tests.PracticeFormTest@6221a451]" started-at="2024-09-27T10:46:58 ICT" name="setUp" finished-at="2024-09-27T10:47:46 ICT" duration-ms="47893" status="PASS">
          <reporter-output>
          </reporter-output>
        </test-method> <!-- setUp -->
        <test-method signature="happyFlowTest()[pri:1, instance:com.demoqa.tests.PracticeFormTest@6221a451]" started-at="2024-09-27T10:47:46 ICT" name="happyFlowTest" finished-at="2024-09-27T10:47:46 ICT" duration-ms="775" status="PASS">
          <reporter-output>
          </reporter-output>
        </test-method> <!-- happyFlowTest -->
        <test-method is-config="true" signature="tearDown()[pri:0, instance:com.demoqa.tests.PracticeFormTest@6221a451]" started-at="2024-09-27T10:47:46 ICT" name="tearDown" finished-at="2024-09-27T10:47:47 ICT" duration-ms="405" status="PASS">
          <reporter-output>
          </reporter-output>
        </test-method> <!-- tearDown -->
        <test-method is-config="true" signature="setUp()[pri:0, instance:com.demoqa.tests.PracticeFormTest@6221a451]" started-at="2024-09-27T10:47:47 ICT" name="setUp" finished-at="2024-09-27T10:48:15 ICT" duration-ms="28011" status="PASS">
          <reporter-output>
          </reporter-output>
        </test-method> <!-- setUp -->
        <test-method signature="unhappyFlowTest()[pri:2, instance:com.demoqa.tests.PracticeFormTest@6221a451]" started-at="2024-09-27T10:48:15 ICT" name="unhappyFlowTest" finished-at="2024-09-27T10:48:27 ICT" duration-ms="11675" status="PASS">
          <reporter-output>
          </reporter-output>
        </test-method> <!-- unhappyFlowTest -->
        <test-method is-config="true" signature="tearDown()[pri:0, instance:com.demoqa.tests.PracticeFormTest@6221a451]" started-at="2024-09-27T10:48:27 ICT" name="tearDown" finished-at="2024-09-27T10:48:27 ICT" duration-ms="318" status="PASS">
          <reporter-output>
          </reporter-output>
        </test-method> <!-- tearDown -->
      </class> <!-- com.demoqa.tests.PracticeFormTest -->
    </test> <!-- Default test -->
  </suite> <!-- Default suite -->
</testng-results>
